10-07-2024 19:02:31.689 [main] INFO  o.s.web.servlet.DispatcherServlet.initServletBean - Initializing Servlet 'dispatcher'
10-07-2024 19:02:32.503 [main] INFO  o.h.jpa.internal.util.LogHelper.logPersistenceUnitInformation - HHH000204: Processing PersistenceUnitInfo [name: default]
10-07-2024 19:02:32.622 [main] INFO  org.hibernate.Version.logVersion - HHH000412: Hibernate ORM core version 5.6.15.Final
10-07-2024 19:02:32.899 [main] INFO  o.h.annotations.common.Version.<clinit> - HCANN000001: Hibernate Commons Annotations {5.1.2.Final}
10-07-2024 19:02:33.772 [main] INFO  org.hibernate.dialect.Dialect.<init> - HHH000400: Using dialect: org.hibernate.dialect.MySQL8Dialect
10-07-2024 19:02:34.232 [main] INFO  o.h.validator.internal.util.Version.<clinit> - HV000001: Hibernate Validator 5.4.3.Final
10-07-2024 19:02:34.990 [main] INFO  o.h.e.t.j.p.i.JtaPlatformInitiator.initiateService - HHH000490: Using JtaPlatform implementation: [org.hibernate.engine.transaction.jta.platform.internal.NoJtaPlatform]
10-07-2024 19:02:35.012 [main] INFO  o.s.o.j.LocalContainerEntityManagerFactoryBean.buildNativeEntityManagerFactory - Initialized JPA EntityManagerFactory for persistence unit 'default'
10-07-2024 19:02:35.125 [main] INFO  c.x.s.controller.AdminController.<init> - Created Admin Controller
10-07-2024 19:02:35.452 [main] INFO  o.s.s.web.DefaultSecurityFilterChain.<init> - Will secure any request with [org.springframework.security.web.context.request.async.WebAsyncManagerIntegrationFilter@16f0867e, org.springframework.security.web.context.SecurityContextPersistenceFilter@735f264e, org.springframework.security.web.header.HeaderWriterFilter@2ebe69e, org.springframework.security.web.csrf.CsrfFilter@109ef687, org.springframework.security.web.authentication.logout.LogoutFilter@15e7797c, org.springframework.security.web.authentication.UsernamePasswordAuthenticationFilter@3f23f106, org.springframework.security.web.savedrequest.RequestCacheAwareFilter@6cdbecd5, org.springframework.security.web.servletapi.SecurityContextHolderAwareRequestFilter@2282e7de, org.springframework.security.web.authentication.AnonymousAuthenticationFilter@757a537a, org.springframework.security.web.session.SessionManagementFilter@52085b44, org.springframework.security.web.access.ExceptionTranslationFilter@5233e495, org.springframework.security.web.access.intercept.FilterSecurityInterceptor@787bd653]
10-07-2024 19:02:35.921 [main] INFO  o.s.web.servlet.DispatcherServlet.initServletBean - Completed initialization in 4228 ms
10-07-2024 19:02:56.606 [Thread-4] INFO  o.s.o.j.LocalContainerEntityManagerFactoryBean.destroy - Closing JPA EntityManagerFactory for persistence unit 'default'
10-07-2024 19:03:03.701 [main] INFO  o.s.web.servlet.DispatcherServlet.initServletBean - Initializing Servlet 'dispatcher'
10-07-2024 19:03:04.419 [main] INFO  o.h.jpa.internal.util.LogHelper.logPersistenceUnitInformation - HHH000204: Processing PersistenceUnitInfo [name: default]
10-07-2024 19:03:04.516 [main] INFO  org.hibernate.Version.logVersion - HHH000412: Hibernate ORM core version 5.6.15.Final
10-07-2024 19:03:04.768 [main] INFO  o.h.annotations.common.Version.<clinit> - HCANN000001: Hibernate Commons Annotations {5.1.2.Final}
10-07-2024 19:03:05.546 [main] INFO  org.hibernate.dialect.Dialect.<init> - HHH000400: Using dialect: org.hibernate.dialect.MySQL8Dialect
10-07-2024 19:03:05.939 [main] INFO  o.h.validator.internal.util.Version.<clinit> - HV000001: Hibernate Validator 5.4.3.Final
10-07-2024 19:03:06.665 [main] INFO  o.h.e.t.j.p.i.JtaPlatformInitiator.initiateService - HHH000490: Using JtaPlatform implementation: [org.hibernate.engine.transaction.jta.platform.internal.NoJtaPlatform]
10-07-2024 19:03:06.687 [main] INFO  o.s.o.j.LocalContainerEntityManagerFactoryBean.buildNativeEntityManagerFactory - Initialized JPA EntityManagerFactory for persistence unit 'default'
10-07-2024 19:03:06.799 [main] INFO  c.x.s.controller.AdminController.<init> - Created Admin Controller
10-07-2024 19:03:07.082 [main] INFO  o.s.s.web.DefaultSecurityFilterChain.<init> - Will secure any request with [org.springframework.security.web.context.request.async.WebAsyncManagerIntegrationFilter@16f0867e, org.springframework.security.web.context.SecurityContextPersistenceFilter@735f264e, org.springframework.security.web.header.HeaderWriterFilter@2ebe69e, org.springframework.security.web.csrf.CsrfFilter@109ef687, org.springframework.security.web.authentication.logout.LogoutFilter@15e7797c, org.springframework.security.web.authentication.UsernamePasswordAuthenticationFilter@3f23f106, org.springframework.security.web.savedrequest.RequestCacheAwareFilter@6cdbecd5, org.springframework.security.web.servletapi.SecurityContextHolderAwareRequestFilter@2282e7de, org.springframework.security.web.authentication.AnonymousAuthenticationFilter@757a537a, org.springframework.security.web.session.SessionManagementFilter@52085b44, org.springframework.security.web.access.ExceptionTranslationFilter@5233e495, org.springframework.security.web.access.intercept.FilterSecurityInterceptor@787bd653]
10-07-2024 19:03:07.522 [main] INFO  o.s.web.servlet.DispatcherServlet.initServletBean - Completed initialization in 3817 ms
